2022-07-15 19:34:56 程序[/project/bin/./crtsurfdata] 开始运行
2022-07-15 19:34:56 数据文件[/project/tempdata/idc/surfdata/CODEROVE_ZH_20220715193456_3894.xml]生成成功  记录时间[20220715193456]  记录数量[839] 
2022-07-15 19:34:56 数据文件[/project/tempdata/idc/surfdata/CODEROVE_ZH_20220715193456_3894.json]生成成功  记录时间[20220715193456]  记录数量[839] 
2022-07-15 19:34:56 数据文件[/project/tempdata/idc/surfdata/CODEROVE_ZH_20220715193456_3894.csv]生成成功  记录时间[20220715193456]  记录数量[839] 
2022-07-15 19:34:56 程序[/project/bin/./crtsurfdata] 运行结束
2022-07-15 19:35:56 程序[/project/bin/./crtsurfdata] 开始运行
2022-07-15 19:35:56 数据文件[/project/tempdata/idc/surfdata/CODEROVE_ZH_20220715193556_3932.xml]生成成功  记录时间[20220715193556]  记录数量[839] 
2022-07-15 19:35:56 数据文件[/project/tempdata/idc/surfdata/CODEROVE_ZH_20220715193556_3932.json]生成成功  记录时间[20220715193556]  记录数量[839] 
2022-07-15 19:35:56 数据文件[/project/tempdata/idc/surfdata/CODEROVE_ZH_20220715193556_3932.csv]生成成功  记录时间[20220715193556]  记录数量[839] 
2022-07-15 19:35:56 程序[/project/bin/./crtsurfdata] 运行结束
2022-07-15 19:36:56 程序[/project/bin/./crtsurfdata] 开始运行
2022-07-15 19:36:56 数据文件[/project/tempdata/idc/surfdata/CODEROVE_ZH_20220715193656_3951.xml]生成成功  记录时间[20220715193656]  记录数量[839] 
2022-07-15 19:36:56 数据文件[/project/tempdata/idc/surfdata/CODEROVE_ZH_20220715193656_3951.json]生成成功  记录时间[20220715193656]  记录数量[839] 
2022-07-15 19:36:56 数据文件[/project/tempdata/idc/surfdata/CODEROVE_ZH_20220715193656_3951.csv]生成成功  记录时间[20220715193656]  记录数量[839] 
2022-07-15 19:36:56 程序[/project/bin/./crtsurfdata] 运行结束
2022-07-15 19:37:56 程序[/project/bin/./crtsurfdata] 开始运行
2022-07-15 19:37:56 数据文件[/project/tempdata/idc/surfdata/CODEROVE_ZH_20220715193756_3971.xml]生成成功  记录时间[20220715193756]  记录数量[839] 
2022-07-15 19:37:56 数据文件[/project/tempdata/idc/surfdata/CODEROVE_ZH_20220715193756_3971.json]生成成功  记录时间[20220715193756]  记录数量[839] 
2022-07-15 19:37:56 数据文件[/project/tempdata/idc/surfdata/CODEROVE_ZH_20220715193756_3971.csv]生成成功  记录时间[20220715193756]  记录数量[839] 
2022-07-15 19:37:56 程序[/project/bin/./crtsurfdata] 运行结束
2022-07-15 19:38:56 程序[/project/bin/./crtsurfdata] 开始运行
2022-07-15 19:38:56 数据文件[/project/tempdata/idc/surfdata/CODEROVE_ZH_20220715193856_3990.xml]生成成功  记录时间[20220715193856]  记录数量[839] 
2022-07-15 19:38:56 数据文件[/project/tempdata/idc/surfdata/CODEROVE_ZH_20220715193856_3990.json]生成成功  记录时间[20220715193856]  记录数量[839] 
2022-07-15 19:38:56 数据文件[/project/tempdata/idc/surfdata/CODEROVE_ZH_20220715193856_3990.csv]生成成功  记录时间[20220715193856]  记录数量[839] 
2022-07-15 19:38:56 程序[/project/bin/./crtsurfdata] 运行结束
