2022-07-15 19:34:56 [ftpgetfiles->main] ftp.login 成功。 
2022-07-15 19:34:56 [ftpgetfiles->_ftpgetfiles] get file [CODEROVE_ZH_20220715193456_3894.csv] ...
2022-07-15 19:34:56 [ftpgetfiles->_ftpgetfiles] get file [CODEROVE_ZH_20220715193456_3894.csv] 成功
2022-07-15 19:34:56 [ftpgetfiles->_ftpgetfiles] get file [CODEROVE_ZH_20220715193456_3894.xml] ...
2022-07-15 19:34:56 [ftpgetfiles->_ftpgetfiles] get file [CODEROVE_ZH_20220715193456_3894.xml] 成功
2022-07-15 19:35:26 [ftpgetfiles->main] ftp.login 成功。 
2022-07-15 19:35:26 [ftpgetfiles->_ftpgetfiles] get file [CODEROVE_ZH_20220715193456_3894.csv] ...
2022-07-15 19:35:26 [ftpgetfiles->_ftpgetfiles] get file [CODEROVE_ZH_20220715193456_3894.csv] 成功
2022-07-15 19:35:26 [ftpgetfiles->_ftpgetfiles] get file [CODEROVE_ZH_20220715193456_3894.xml] ...
2022-07-15 19:35:26 [ftpgetfiles->_ftpgetfiles] get file [CODEROVE_ZH_20220715193456_3894.xml] 成功
2022-07-15 19:35:56 [ftpgetfiles->main] ftp.login 成功。 
2022-07-15 19:35:56 [ftpgetfiles->_ftpgetfiles] get file [CODEROVE_ZH_20220715193456_3894.csv] ...
2022-07-15 19:35:56 [ftpgetfiles->_ftpgetfiles] get file [CODEROVE_ZH_20220715193456_3894.csv] 成功
2022-07-15 19:35:56 [ftpgetfiles->_ftpgetfiles] get file [CODEROVE_ZH_20220715193456_3894.xml] ...
2022-07-15 19:35:56 [ftpgetfiles->_ftpgetfiles] get file [CODEROVE_ZH_20220715193456_3894.xml] 成功
2022-07-15 19:35:56 [ftpgetfiles->_ftpgetfiles] get file [CODEROVE_ZH_20220715193556_3932.csv] ...
2022-07-15 19:35:56 [ftpgetfiles->_ftpgetfiles] get file [CODEROVE_ZH_20220715193556_3932.csv] 成功
2022-07-15 19:35:56 [ftpgetfiles->_ftpgetfiles] get file [CODEROVE_ZH_20220715193556_3932.xml] ...
2022-07-15 19:35:56 [ftpgetfiles->_ftpgetfiles] get file [CODEROVE_ZH_20220715193556_3932.xml] 成功
2022-07-15 19:36:27 [ftpgetfiles->main] ftp.login 成功。 
2022-07-15 19:36:27 [ftpgetfiles->_ftpgetfiles] get file [CODEROVE_ZH_20220715193456_3894.csv] ...
2022-07-15 19:36:27 [ftpgetfiles->_ftpgetfiles] get file [CODEROVE_ZH_20220715193456_3894.csv] 成功
2022-07-15 19:36:27 [ftpgetfiles->_ftpgetfiles] get file [CODEROVE_ZH_20220715193456_3894.xml] ...
2022-07-15 19:36:27 [ftpgetfiles->_ftpgetfiles] get file [CODEROVE_ZH_20220715193456_3894.xml] 成功
2022-07-15 19:36:27 [ftpgetfiles->_ftpgetfiles] get file [CODEROVE_ZH_20220715193556_3932.csv] ...
2022-07-15 19:36:27 [ftpgetfiles->_ftpgetfiles] get file [CODEROVE_ZH_20220715193556_3932.csv] 成功
2022-07-15 19:36:27 [ftpgetfiles->_ftpgetfiles] get file [CODEROVE_ZH_20220715193556_3932.xml] ...
2022-07-15 19:36:27 [ftpgetfiles->_ftpgetfiles] get file [CODEROVE_ZH_20220715193556_3932.xml] 成功
2022-07-15 19:36:57 [ftpgetfiles->main] ftp.login 成功。 
2022-07-15 19:36:57 [ftpgetfiles->_ftpgetfiles] get file [CODEROVE_ZH_20220715193456_3894.csv] ...
2022-07-15 19:36:57 [ftpgetfiles->_ftpgetfiles] get file [CODEROVE_ZH_20220715193456_3894.csv] 成功
2022-07-15 19:36:57 [ftpgetfiles->_ftpgetfiles] get file [CODEROVE_ZH_20220715193456_3894.xml] ...
2022-07-15 19:36:57 [ftpgetfiles->_ftpgetfiles] get file [CODEROVE_ZH_20220715193456_3894.xml] 成功
2022-07-15 19:36:57 [ftpgetfiles->_ftpgetfiles] get file [CODEROVE_ZH_20220715193556_3932.csv] ...
2022-07-15 19:36:57 [ftpgetfiles->_ftpgetfiles] get file [CODEROVE_ZH_20220715193556_3932.csv] 成功
2022-07-15 19:36:57 [ftpgetfiles->_ftpgetfiles] get file [CODEROVE_ZH_20220715193556_3932.xml] ...
2022-07-15 19:36:57 [ftpgetfiles->_ftpgetfiles] get file [CODEROVE_ZH_20220715193556_3932.xml] 成功
2022-07-15 19:36:57 [ftpgetfiles->_ftpgetfiles] get file [CODEROVE_ZH_20220715193656_3951.csv] ...
2022-07-15 19:36:57 [ftpgetfiles->_ftpgetfiles] get file [CODEROVE_ZH_20220715193656_3951.csv] 成功
2022-07-15 19:36:57 [ftpgetfiles->_ftpgetfiles] get file [CODEROVE_ZH_20220715193656_3951.xml] ...
2022-07-15 19:36:57 [ftpgetfiles->_ftpgetfiles] get file [CODEROVE_ZH_20220715193656_3951.xml] 成功
2022-07-15 19:37:27 [ftpgetfiles->main] ftp.login 成功。 
2022-07-15 19:37:27 [ftpgetfiles->_ftpgetfiles] get file [CODEROVE_ZH_20220715193456_3894.csv] ...
2022-07-15 19:37:27 [ftpgetfiles->_ftpgetfiles] get file [CODEROVE_ZH_20220715193456_3894.csv] 成功
2022-07-15 19:37:27 [ftpgetfiles->_ftpgetfiles] get file [CODEROVE_ZH_20220715193456_3894.xml] ...
2022-07-15 19:37:27 [ftpgetfiles->_ftpgetfiles] get file [CODEROVE_ZH_20220715193456_3894.xml] 成功
2022-07-15 19:37:27 [ftpgetfiles->_ftpgetfiles] get file [CODEROVE_ZH_20220715193556_3932.csv] ...
2022-07-15 19:37:27 [ftpgetfiles->_ftpgetfiles] get file [CODEROVE_ZH_20220715193556_3932.csv] 成功
2022-07-15 19:37:27 [ftpgetfiles->_ftpgetfiles] get file [CODEROVE_ZH_20220715193556_3932.xml] ...
2022-07-15 19:37:27 [ftpgetfiles->_ftpgetfiles] get file [CODEROVE_ZH_20220715193556_3932.xml] 成功
2022-07-15 19:37:27 [ftpgetfiles->_ftpgetfiles] get file [CODEROVE_ZH_20220715193656_3951.csv] ...
2022-07-15 19:37:27 [ftpgetfiles->_ftpgetfiles] get file [CODEROVE_ZH_20220715193656_3951.csv] 成功
2022-07-15 19:37:27 [ftpgetfiles->_ftpgetfiles] get file [CODEROVE_ZH_20220715193656_3951.xml] ...
2022-07-15 19:37:27 [ftpgetfiles->_ftpgetfiles] get file [CODEROVE_ZH_20220715193656_3951.xml] 成功
2022-07-15 19:37:57 [ftpgetfiles->main] ftp.login 成功。 
2022-07-15 19:37:57 [ftpgetfiles->_ftpgetfiles] get file [CODEROVE_ZH_20220715193456_3894.csv] ...
2022-07-15 19:37:57 [ftpgetfiles->_ftpgetfiles] get file [CODEROVE_ZH_20220715193456_3894.csv] 成功
2022-07-15 19:37:57 [ftpgetfiles->_ftpgetfiles] get file [CODEROVE_ZH_20220715193456_3894.xml] ...
2022-07-15 19:37:57 [ftpgetfiles->_ftpgetfiles] get file [CODEROVE_ZH_20220715193456_3894.xml] 成功
2022-07-15 19:37:57 [ftpgetfiles->_ftpgetfiles] get file [CODEROVE_ZH_20220715193556_3932.csv] ...
2022-07-15 19:37:57 [ftpgetfiles->_ftpgetfiles] get file [CODEROVE_ZH_20220715193556_3932.csv] 成功
2022-07-15 19:37:57 [ftpgetfiles->_ftpgetfiles] get file [CODEROVE_ZH_20220715193556_3932.xml] ...
2022-07-15 19:37:57 [ftpgetfiles->_ftpgetfiles] get file [CODEROVE_ZH_20220715193556_3932.xml] 成功
2022-07-15 19:37:57 [ftpgetfiles->_ftpgetfiles] get file [CODEROVE_ZH_20220715193656_3951.csv] ...
2022-07-15 19:37:57 [ftpgetfiles->_ftpgetfiles] get file [CODEROVE_ZH_20220715193656_3951.csv] 成功
2022-07-15 19:37:57 [ftpgetfiles->_ftpgetfiles] get file [CODEROVE_ZH_20220715193656_3951.xml] ...
2022-07-15 19:37:57 [ftpgetfiles->_ftpgetfiles] get file [CODEROVE_ZH_20220715193656_3951.xml] 成功
2022-07-15 19:37:57 [ftpgetfiles->_ftpgetfiles] get file [CODEROVE_ZH_20220715193756_3971.csv] ...
2022-07-15 19:37:57 [ftpgetfiles->_ftpgetfiles] get file [CODEROVE_ZH_20220715193756_3971.csv] 成功
2022-07-15 19:37:57 [ftpgetfiles->_ftpgetfiles] get file [CODEROVE_ZH_20220715193756_3971.xml] ...
2022-07-15 19:37:57 [ftpgetfiles->_ftpgetfiles] get file [CODEROVE_ZH_20220715193756_3971.xml] 成功
2022-07-15 19:38:27 [ftpgetfiles->main] ftp.login 成功。 
2022-07-15 19:38:27 [ftpgetfiles->_ftpgetfiles] get file [CODEROVE_ZH_20220715193456_3894.csv] ...
2022-07-15 19:38:27 [ftpgetfiles->_ftpgetfiles] get file [CODEROVE_ZH_20220715193456_3894.csv] 成功
2022-07-15 19:38:27 [ftpgetfiles->_ftpgetfiles] get file [CODEROVE_ZH_20220715193456_3894.xml] ...
2022-07-15 19:38:27 [ftpgetfiles->_ftpgetfiles] get file [CODEROVE_ZH_20220715193456_3894.xml] 成功
2022-07-15 19:38:27 [ftpgetfiles->_ftpgetfiles] get file [CODEROVE_ZH_20220715193556_3932.csv] ...
2022-07-15 19:38:27 [ftpgetfiles->_ftpgetfiles] get file [CODEROVE_ZH_20220715193556_3932.csv] 成功
2022-07-15 19:38:27 [ftpgetfiles->_ftpgetfiles] get file [CODEROVE_ZH_20220715193556_3932.xml] ...
2022-07-15 19:38:27 [ftpgetfiles->_ftpgetfiles] get file [CODEROVE_ZH_20220715193556_3932.xml] 成功
2022-07-15 19:38:27 [ftpgetfiles->_ftpgetfiles] get file [CODEROVE_ZH_20220715193656_3951.csv] ...
2022-07-15 19:38:27 [ftpgetfiles->_ftpgetfiles] get file [CODEROVE_ZH_20220715193656_3951.csv] 成功
2022-07-15 19:38:27 [ftpgetfiles->_ftpgetfiles] get file [CODEROVE_ZH_20220715193656_3951.xml] ...
2022-07-15 19:38:27 [ftpgetfiles->_ftpgetfiles] get file [CODEROVE_ZH_20220715193656_3951.xml] 成功
2022-07-15 19:38:27 [ftpgetfiles->_ftpgetfiles] get file [CODEROVE_ZH_20220715193756_3971.csv] ...
2022-07-15 19:38:27 [ftpgetfiles->_ftpgetfiles] get file [CODEROVE_ZH_20220715193756_3971.csv] 成功
2022-07-15 19:38:27 [ftpgetfiles->_ftpgetfiles] get file [CODEROVE_ZH_20220715193756_3971.xml] ...
2022-07-15 19:38:27 [ftpgetfiles->_ftpgetfiles] get file [CODEROVE_ZH_20220715193756_3971.xml] 成功
2022-07-15 19:38:57 [ftpgetfiles->main] ftp.login 成功。 
2022-07-15 19:38:57 [ftpgetfiles->_ftpgetfiles] get file [CODEROVE_ZH_20220715193456_3894.csv] ...
2022-07-15 19:38:57 [ftpgetfiles->_ftpgetfiles] get file [CODEROVE_ZH_20220715193456_3894.csv] 成功
2022-07-15 19:38:57 [ftpgetfiles->_ftpgetfiles] get file [CODEROVE_ZH_20220715193456_3894.xml] ...
2022-07-15 19:38:57 [ftpgetfiles->_ftpgetfiles] get file [CODEROVE_ZH_20220715193456_3894.xml] 成功
2022-07-15 19:38:57 [ftpgetfiles->_ftpgetfiles] get file [CODEROVE_ZH_20220715193556_3932.csv] ...
2022-07-15 19:38:57 [ftpgetfiles->_ftpgetfiles] get file [CODEROVE_ZH_20220715193556_3932.csv] 成功
2022-07-15 19:38:57 [ftpgetfiles->_ftpgetfiles] get file [CODEROVE_ZH_20220715193556_3932.xml] ...
2022-07-15 19:38:57 [ftpgetfiles->_ftpgetfiles] get file [CODEROVE_ZH_20220715193556_3932.xml] 成功
2022-07-15 19:38:57 [ftpgetfiles->_ftpgetfiles] get file [CODEROVE_ZH_20220715193656_3951.csv] ...
2022-07-15 19:38:57 [ftpgetfiles->_ftpgetfiles] get file [CODEROVE_ZH_20220715193656_3951.csv] 成功
2022-07-15 19:38:57 [ftpgetfiles->_ftpgetfiles] get file [CODEROVE_ZH_20220715193656_3951.xml] ...
2022-07-15 19:38:57 [ftpgetfiles->_ftpgetfiles] get file [CODEROVE_ZH_20220715193656_3951.xml] 成功
2022-07-15 19:38:57 [ftpgetfiles->_ftpgetfiles] get file [CODEROVE_ZH_20220715193756_3971.csv] ...
2022-07-15 19:38:57 [ftpgetfiles->_ftpgetfiles] get file [CODEROVE_ZH_20220715193756_3971.csv] 成功
2022-07-15 19:38:57 [ftpgetfiles->_ftpgetfiles] get file [CODEROVE_ZH_20220715193756_3971.xml] ...
2022-07-15 19:38:57 [ftpgetfiles->_ftpgetfiles] get file [CODEROVE_ZH_20220715193756_3971.xml] 成功
2022-07-15 19:38:57 [ftpgetfiles->_ftpgetfiles] get file [CODEROVE_ZH_20220715193856_3990.csv] ...
2022-07-15 19:38:57 [ftpgetfiles->_ftpgetfiles] get file [CODEROVE_ZH_20220715193856_3990.csv] 成功
2022-07-15 19:38:57 [ftpgetfiles->_ftpgetfiles] get file [CODEROVE_ZH_20220715193856_3990.xml] ...
2022-07-15 19:38:57 [ftpgetfiles->_ftpgetfiles] get file [CODEROVE_ZH_20220715193856_3990.xml] 成功
